[2019-07-14 05:57:44,672: INFO/MainProcess] beat: Starting...
[2019-07-14 05:57:44,684: INFO/MainProcess] Scheduler: Sending due task task1 (test_task)
[2019-07-14 05:57:45,684: INFO/MainProcess] Scheduler: Sending due task task1 (test_task)
[2019-07-14 05:57:46,684: INFO/MainProcess] Scheduler: Sending due task task1 (test_task)
[2019-07-14 05:57:47,685: INFO/MainProcess] Scheduler: Sending due task task1 (test_task)
[2019-07-14 05:57:48,685: INFO/MainProcess] Scheduler: Sending due task task1 (test_task)
[2019-07-14 05:57:49,685: INFO/MainProcess] Scheduler: Sending due task task1 (test_task)
[2019-07-14 05:57:50,685: INFO/MainProcess] Scheduler: Sending due task task1 (test_task)
[2019-07-14 05:57:51,686: INFO/MainProcess] Scheduler: Sending due task task1 (test_task)
[2019-07-14 05:57:52,686: INFO/MainProcess] Scheduler: Sending due task task1 (test_task)
[2019-07-14 05:57:53,686: INFO/MainProcess] Scheduler: Sending due task task1 (test_task)
[2019-07-14 05:57:54,686: INFO/MainProcess] Scheduler: Sending due task task1 (test_task)
[2019-07-14 05:57:55,687: INFO/MainProcess] Scheduler: Sending due task task1 (test_task)
[2019-07-14 05:57:56,687: INFO/MainProcess] Scheduler: Sending due task task1 (test_task)
[2019-07-14 05:57:57,687: INFO/MainProcess] Scheduler: Sending due task task1 (test_task)
[2019-07-14 05:57:58,687: INFO/MainProcess] Scheduler: Sending due task task1 (test_task)
[2019-07-14 05:57:59,687: INFO/MainProcess] Scheduler: Sending due task task1 (test_task)
[2019-07-14 05:58:00,688: INFO/MainProcess] Scheduler: Sending due task task1 (test_task)
[2019-07-14 05:58:01,688: INFO/MainProcess] Scheduler: Sending due task task1 (test_task)
[2019-07-14 05:58:02,688: INFO/MainProcess] Scheduler: Sending due task task1 (test_task)
[2019-07-14 05:58:03,689: INFO/MainProcess] Scheduler: Sending due task task1 (test_task)
[2019-07-14 05:58:04,689: INFO/MainProcess] Scheduler: Sending due task task1 (test_task)
[2019-07-14 05:58:05,689: INFO/MainProcess] Scheduler: Sending due task task1 (test_task)
[2019-07-14 05:58:06,689: INFO/MainProcess] Scheduler: Sending due task task1 (test_task)
[2019-07-14 05:58:07,690: INFO/MainProcess] Scheduler: Sending due task task1 (test_task)
[2019-07-14 05:58:08,690: INFO/MainProcess] Scheduler: Sending due task task1 (test_task)
[2019-07-14 05:58:09,690: INFO/MainProcess] Scheduler: Sending due task task1 (test_task)
[2019-07-14 05:58:10,690: INFO/MainProcess] Scheduler: Sending due task task1 (test_task)
[2019-07-14 05:58:11,691: INFO/MainProcess] Scheduler: Sending due task task1 (test_task)
[2019-07-14 05:58:12,691: INFO/MainProcess] Scheduler: Sending due task task1 (test_task)
[2019-07-14 05:58:13,691: INFO/MainProcess] Scheduler: Sending due task task1 (test_task)
[2019-07-14 05:58:14,691: INFO/MainProcess] Scheduler: Sending due task task1 (test_task)
[2019-07-14 05:58:15,691: INFO/MainProcess] Scheduler: Sending due task task1 (test_task)
[2019-07-14 05:58:16,692: INFO/MainProcess] Scheduler: Sending due task task1 (test_task)
[2019-07-14 05:58:17,692: INFO/MainProcess] Scheduler: Sending due task task1 (test_task)
[2019-07-14 05:58:18,692: INFO/MainProcess] Scheduler: Sending due task task1 (test_task)
[2019-07-14 05:58:19,692: INFO/MainProcess] Scheduler: Sending due task task1 (test_task)
[2019-07-14 05:58:20,693: INFO/MainProcess] Scheduler: Sending due task task1 (test_task)
[2019-07-14 05:58:21,693: INFO/MainProcess] Scheduler: Sending due task task1 (test_task)
[2019-07-14 05:58:22,693: INFO/MainProcess] Scheduler: Sending due task task1 (test_task)
[2019-07-14 05:58:23,693: INFO/MainProcess] Scheduler: Sending due task task1 (test_task)
[2019-07-14 05:58:24,693: INFO/MainProcess] Scheduler: Sending due task task1 (test_task)
[2019-07-14 05:58:25,694: INFO/MainProcess] Scheduler: Sending due task task1 (test_task)
[2019-07-14 05:58:26,694: INFO/MainProcess] Scheduler: Sending due task task1 (test_task)
[2019-07-14 05:58:27,694: INFO/MainProcess] Scheduler: Sending due task task1 (test_task)
[2019-07-14 05:58:28,695: INFO/MainProcess] Scheduler: Sending due task task1 (test_task)
[2019-07-14 05:58:29,695: INFO/MainProcess] Scheduler: Sending due task task1 (test_task)
[2019-07-14 05:58:30,695: INFO/MainProcess] Scheduler: Sending due task task1 (test_task)
[2019-07-14 05:58:31,695: INFO/MainProcess] Scheduler: Sending due task task1 (test_task)
[2019-07-14 05:58:32,696: INFO/MainProcess] Scheduler: Sending due task task1 (test_task)
[2019-07-14 05:58:33,696: INFO/MainProcess] Scheduler: Sending due task task1 (test_task)
[2019-07-14 05:58:34,696: INFO/MainProcess] Scheduler: Sending due task task1 (test_task)
[2019-07-14 05:58:35,696: INFO/MainProcess] Scheduler: Sending due task task1 (test_task)
[2019-07-14 05:58:36,696: INFO/MainProcess] Scheduler: Sending due task task1 (test_task)
[2019-07-14 05:58:37,697: INFO/MainProcess] Scheduler: Sending due task task1 (test_task)
[2019-07-14 05:58:38,697: INFO/MainProcess] Scheduler: Sending due task task1 (test_task)
[2019-07-14 05:58:39,697: INFO/MainProcess] Scheduler: Sending due task task1 (test_task)
[2019-07-14 05:58:40,697: INFO/MainProcess] Scheduler: Sending due task task1 (test_task)
[2019-07-14 05:58:41,698: INFO/MainProcess] Scheduler: Sending due task task1 (test_task)
[2019-07-14 05:58:42,698: INFO/MainProcess] Scheduler: Sending due task task1 (test_task)
[2019-07-14 05:58:43,698: INFO/MainProcess] Scheduler: Sending due task task1 (test_task)
[2019-07-14 05:58:44,698: INFO/MainProcess] Scheduler: Sending due task task1 (test_task)
[2019-07-14 05:58:45,698: INFO/MainProcess] Scheduler: Sending due task task1 (test_task)
[2019-07-14 05:58:46,699: INFO/MainProcess] Scheduler: Sending due task task1 (test_task)
[2019-07-14 05:58:47,699: INFO/MainProcess] Scheduler: Sending due task task1 (test_task)
[2019-07-14 05:58:48,699: INFO/MainProcess] Scheduler: Sending due task task1 (test_task)
[2019-07-14 05:58:49,699: INFO/MainProcess] Scheduler: Sending due task task1 (test_task)
[2019-07-14 05:58:50,699: INFO/MainProcess] Scheduler: Sending due task task1 (test_task)
[2019-07-14 05:58:51,700: INFO/MainProcess] Scheduler: Sending due task task1 (test_task)
[2019-07-14 05:58:52,700: INFO/MainProcess] Scheduler: Sending due task task1 (test_task)
[2019-07-14 05:58:53,700: INFO/MainProcess] Scheduler: Sending due task task1 (test_task)
[2019-07-14 05:58:54,700: INFO/MainProcess] Scheduler: Sending due task task1 (test_task)
[2019-07-14 05:58:55,701: INFO/MainProcess] Scheduler: Sending due task task1 (test_task)
[2019-07-14 05:58:56,701: INFO/MainProcess] Scheduler: Sending due task task1 (test_task)
[2019-07-14 05:58:57,702: INFO/MainProcess] Scheduler: Sending due task task1 (test_task)
[2019-07-14 05:58:58,702: INFO/MainProcess] Scheduler: Sending due task task1 (test_task)
[2019-07-14 05:58:59,703: INFO/MainProcess] Scheduler: Sending due task task1 (test_task)
[2019-07-14 05:59:00,703: INFO/MainProcess] Scheduler: Sending due task task1 (test_task)
[2019-07-14 05:59:01,703: INFO/MainProcess] Scheduler: Sending due task task1 (test_task)
[2019-07-14 05:59:02,703: INFO/MainProcess] Scheduler: Sending due task task1 (test_task)
[2019-07-14 05:59:03,703: INFO/MainProcess] Scheduler: Sending due task task1 (test_task)
[2019-07-14 05:59:04,704: INFO/MainProcess] Scheduler: Sending due task task1 (test_task)
[2019-07-14 05:59:05,704: INFO/MainProcess] Scheduler: Sending due task task1 (test_task)
[2019-07-14 05:59:06,704: INFO/MainProcess] Scheduler: Sending due task task1 (test_task)
[2019-07-14 05:59:07,704: INFO/MainProcess] Scheduler: Sending due task task1 (test_task)
[2019-07-14 05:59:08,705: INFO/MainProcess] Scheduler: Sending due task task1 (test_task)
[2019-07-14 05:59:09,705: INFO/MainProcess] Scheduler: Sending due task task1 (test_task)
[2019-07-14 05:59:10,705: INFO/MainProcess] Scheduler: Sending due task task1 (test_task)
[2019-07-14 05:59:11,705: INFO/MainProcess] Scheduler: Sending due task task1 (test_task)
[2019-07-14 05:59:12,706: INFO/MainProcess] Scheduler: Sending due task task1 (test_task)
[2019-07-14 05:59:13,706: INFO/MainProcess] Scheduler: Sending due task task1 (test_task)
[2019-07-14 05:59:14,706: INFO/MainProcess] Scheduler: Sending due task task1 (test_task)
[2019-07-14 05:59:15,706: INFO/MainProcess] Scheduler: Sending due task task1 (test_task)
[2019-07-14 05:59:16,706: INFO/MainProcess] Scheduler: Sending due task task1 (test_task)
[2019-07-14 05:59:17,707: INFO/MainProcess] Scheduler: Sending due task task1 (test_task)
[2019-07-14 05:59:18,707: INFO/MainProcess] Scheduler: Sending due task task1 (test_task)
[2019-07-14 05:59:19,707: INFO/MainProcess] Scheduler: Sending due task task1 (test_task)
[2019-07-14 05:59:20,707: INFO/MainProcess] Scheduler: Sending due task task1 (test_task)
[2019-07-14 05:59:21,707: INFO/MainProcess] Scheduler: Sending due task task1 (test_task)
[2019-07-14 05:59:22,707: INFO/MainProcess] Scheduler: Sending due task task1 (test_task)
[2019-07-14 05:59:23,708: INFO/MainProcess] Scheduler: Sending due task task1 (test_task)
[2019-07-14 05:59:24,708: INFO/MainProcess] Scheduler: Sending due task task1 (test_task)
[2019-07-14 05:59:25,708: INFO/MainProcess] Scheduler: Sending due task task1 (test_task)
[2019-07-14 05:59:26,708: INFO/MainProcess] Scheduler: Sending due task task1 (test_task)
[2019-07-14 05:59:27,708: INFO/MainProcess] Scheduler: Sending due task task1 (test_task)
[2019-07-14 05:59:28,709: INFO/MainProcess] Scheduler: Sending due task task1 (test_task)
[2019-07-14 05:59:29,709: INFO/MainProcess] Scheduler: Sending due task task1 (test_task)
[2019-07-14 05:59:30,709: INFO/MainProcess] Scheduler: Sending due task task1 (test_task)
[2019-07-14 05:59:31,709: INFO/MainProcess] Scheduler: Sending due task task1 (test_task)
[2019-07-14 05:59:32,709: INFO/MainProcess] Scheduler: Sending due task task1 (test_task)
[2019-07-14 05:59:33,710: INFO/MainProcess] Scheduler: Sending due task task1 (test_task)
[2019-07-14 05:59:34,710: INFO/MainProcess] Scheduler: Sending due task task1 (test_task)
[2019-07-14 05:59:35,710: INFO/MainProcess] Scheduler: Sending due task task1 (test_task)
[2019-07-14 05:59:36,710: INFO/MainProcess] Scheduler: Sending due task task1 (test_task)
[2019-07-14 05:59:37,710: INFO/MainProcess] Scheduler: Sending due task task1 (test_task)
[2019-07-14 05:59:38,711: INFO/MainProcess] Scheduler: Sending due task task1 (test_task)
[2019-07-14 05:59:39,711: INFO/MainProcess] Scheduler: Sending due task task1 (test_task)
[2019-07-14 05:59:40,711: INFO/MainProcess] Scheduler: Sending due task task1 (test_task)
[2019-07-14 05:59:41,711: INFO/MainProcess] Scheduler: Sending due task task1 (test_task)
[2019-07-14 05:59:42,711: INFO/MainProcess] Scheduler: Sending due task task1 (test_task)
[2019-07-14 05:59:43,711: INFO/MainProcess] Scheduler: Sending due task task1 (test_task)
[2019-07-14 05:59:44,712: INFO/MainProcess] Scheduler: Sending due task task1 (test_task)
[2019-07-14 05:59:45,712: INFO/MainProcess] Scheduler: Sending due task task1 (test_task)
[2019-07-14 05:59:46,712: INFO/MainProcess] Scheduler: Sending due task task1 (test_task)
[2019-07-14 05:59:47,712: INFO/MainProcess] Scheduler: Sending due task task1 (test_task)
[2019-07-14 05:59:48,712: INFO/MainProcess] Scheduler: Sending due task task1 (test_task)
[2019-07-14 05:59:49,713: INFO/MainProcess] Scheduler: Sending due task task1 (test_task)
[2019-07-14 05:59:50,713: INFO/MainProcess] Scheduler: Sending due task task1 (test_task)
[2019-07-14 05:59:51,713: INFO/MainProcess] Scheduler: Sending due task task1 (test_task)
[2019-07-14 05:59:52,713: INFO/MainProcess] Scheduler: Sending due task task1 (test_task)
[2019-07-14 05:59:53,713: INFO/MainProcess] Scheduler: Sending due task task1 (test_task)
[2019-07-14 05:59:54,713: INFO/MainProcess] Scheduler: Sending due task task1 (test_task)
[2019-07-14 05:59:55,714: INFO/MainProcess] Scheduler: Sending due task task1 (test_task)
[2019-07-14 05:59:56,714: INFO/MainProcess] Scheduler: Sending due task task1 (test_task)
[2019-07-14 05:59:57,714: INFO/MainProcess] Scheduler: Sending due task task1 (test_task)
[2019-07-14 05:59:58,714: INFO/MainProcess] Scheduler: Sending due task task1 (test_task)
[2019-07-14 05:59:59,714: INFO/MainProcess] Scheduler: Sending due task task1 (test_task)
[2019-07-14 06:00:00,714: INFO/MainProcess] Scheduler: Sending due task task1 (test_task)
[2019-07-14 06:00:01,715: INFO/MainProcess] Scheduler: Sending due task task1 (test_task)
[2019-07-14 06:00:02,715: INFO/MainProcess] Scheduler: Sending due task task1 (test_task)
[2019-07-14 06:00:03,715: INFO/MainProcess] Scheduler: Sending due task task1 (test_task)
[2019-07-14 06:00:04,715: INFO/MainProcess] Scheduler: Sending due task task1 (test_task)
[2019-07-14 06:00:05,715: INFO/MainProcess] Scheduler: Sending due task task1 (test_task)
[2019-07-14 06:00:06,715: INFO/MainProcess] Scheduler: Sending due task task1 (test_task)
[2019-07-14 06:00:07,716: INFO/MainProcess] Scheduler: Sending due task task1 (test_task)
[2019-07-14 06:00:08,716: INFO/MainProcess] Scheduler: Sending due task task1 (test_task)
[2019-07-14 06:00:09,716: INFO/MainProcess] Scheduler: Sending due task task1 (test_task)
[2019-07-14 06:00:10,716: INFO/MainProcess] Scheduler: Sending due task task1 (test_task)
[2019-07-14 06:00:11,717: INFO/MainProcess] Scheduler: Sending due task task1 (test_task)
[2019-07-14 06:00:12,717: INFO/MainProcess] Scheduler: Sending due task task1 (test_task)
[2019-07-14 06:00:13,717: INFO/MainProcess] Scheduler: Sending due task task1 (test_task)
[2019-07-14 06:00:14,717: INFO/MainProcess] Scheduler: Sending due task task1 (test_task)
[2019-07-14 06:00:15,718: INFO/MainProcess] Scheduler: Sending due task task1 (test_task)
[2019-07-14 06:00:16,718: INFO/MainProcess] Scheduler: Sending due task task1 (test_task)
[2019-07-14 06:00:17,718: INFO/MainProcess] Scheduler: Sending due task task1 (test_task)
[2019-07-14 06:00:18,718: INFO/MainProcess] Scheduler: Sending due task task1 (test_task)
[2019-07-14 06:00:19,718: INFO/MainProcess] Scheduler: Sending due task task1 (test_task)
[2019-07-14 06:00:20,719: INFO/MainProcess] Scheduler: Sending due task task1 (test_task)
[2019-07-14 06:00:21,719: INFO/MainProcess] Scheduler: Sending due task task1 (test_task)
[2019-07-14 06:00:22,719: INFO/MainProcess] Scheduler: Sending due task task1 (test_task)
[2019-07-14 06:00:23,719: INFO/MainProcess] Scheduler: Sending due task task1 (test_task)
[2019-07-14 06:00:24,720: INFO/MainProcess] Scheduler: Sending due task task1 (test_task)
[2019-07-14 06:00:25,721: INFO/MainProcess] Scheduler: Sending due task task1 (test_task)
[2019-07-14 06:00:26,721: INFO/MainProcess] Scheduler: Sending due task task1 (test_task)
[2019-07-14 06:00:27,721: INFO/MainProcess] Scheduler: Sending due task task1 (test_task)
[2019-07-14 06:00:28,721: INFO/MainProcess] Scheduler: Sending due task task1 (test_task)
[2019-07-14 06:00:29,721: INFO/MainProcess] Scheduler: Sending due task task1 (test_task)
[2019-07-14 06:00:30,722: INFO/MainProcess] Scheduler: Sending due task task1 (test_task)
[2019-07-14 06:00:31,722: INFO/MainProcess] Scheduler: Sending due task task1 (test_task)
[2019-07-14 06:00:32,722: INFO/MainProcess] Scheduler: Sending due task task1 (test_task)
[2019-07-14 06:00:33,722: INFO/MainProcess] Scheduler: Sending due task task1 (test_task)
[2019-07-14 06:00:34,723: INFO/MainProcess] Scheduler: Sending due task task1 (test_task)
[2019-07-14 06:00:35,723: INFO/MainProcess] Scheduler: Sending due task task1 (test_task)
[2019-07-14 06:00:36,723: INFO/MainProcess] Scheduler: Sending due task task1 (test_task)
[2019-07-14 06:00:37,723: INFO/MainProcess] Scheduler: Sending due task task1 (test_task)
[2019-07-14 06:00:38,723: INFO/MainProcess] Scheduler: Sending due task task1 (test_task)
[2019-07-14 06:00:39,724: INFO/MainProcess] Scheduler: Sending due task task1 (test_task)
[2019-07-14 06:00:40,724: INFO/MainProcess] Scheduler: Sending due task task1 (test_task)
[2019-07-14 06:00:41,724: INFO/MainProcess] Scheduler: Sending due task task1 (test_task)
[2019-07-14 06:00:42,724: INFO/MainProcess] Scheduler: Sending due task task1 (test_task)
[2019-07-14 06:00:43,724: INFO/MainProcess] Scheduler: Sending due task task1 (test_task)
[2019-07-14 06:00:44,725: INFO/MainProcess] Scheduler: Sending due task task1 (test_task)
[2019-07-14 06:00:45,725: INFO/MainProcess] Scheduler: Sending due task task1 (test_task)
[2019-07-14 06:00:46,725: INFO/MainProcess] Scheduler: Sending due task task1 (test_task)
[2019-07-14 06:00:47,725: INFO/MainProcess] Scheduler: Sending due task task1 (test_task)
[2019-07-14 06:00:48,725: INFO/MainProcess] Scheduler: Sending due task task1 (test_task)
[2019-07-14 06:00:49,726: INFO/MainProcess] Scheduler: Sending due task task1 (test_task)
[2019-07-14 06:00:50,726: INFO/MainProcess] Scheduler: Sending due task task1 (test_task)
[2019-07-14 06:00:51,726: INFO/MainProcess] Scheduler: Sending due task task1 (test_task)
[2019-07-14 06:00:52,726: INFO/MainProcess] Scheduler: Sending due task task1 (test_task)
[2019-07-14 06:00:53,726: INFO/MainProcess] Scheduler: Sending due task task1 (test_task)
[2019-07-14 06:00:54,727: INFO/MainProcess] Scheduler: Sending due task task1 (test_task)
[2019-07-14 06:00:55,728: INFO/MainProcess] Scheduler: Sending due task task1 (test_task)
[2019-07-14 06:00:56,734: INFO/MainProcess] Scheduler: Sending due task task1 (test_task)
[2019-07-14 06:00:57,734: INFO/MainProcess] Scheduler: Sending due task task1 (test_task)
[2019-07-14 06:00:58,734: INFO/MainProcess] Scheduler: Sending due task task1 (test_task)
[2019-07-14 06:00:59,735: INFO/MainProcess] Scheduler: Sending due task task1 (test_task)
[2019-07-14 06:01:00,735: INFO/MainProcess] Scheduler: Sending due task task1 (test_task)
[2019-07-14 06:01:01,735: INFO/MainProcess] Scheduler: Sending due task task1 (test_task)
[2019-07-14 06:01:02,735: INFO/MainProcess] Scheduler: Sending due task task1 (test_task)
[2019-07-14 06:01:03,735: INFO/MainProcess] Scheduler: Sending due task task1 (test_task)
[2019-07-14 06:01:04,736: INFO/MainProcess] Scheduler: Sending due task task1 (test_task)
[2019-07-14 06:01:05,736: INFO/MainProcess] Scheduler: Sending due task task1 (test_task)
[2019-07-14 06:01:06,736: INFO/MainProcess] Scheduler: Sending due task task1 (test_task)
[2019-07-14 06:01:07,737: INFO/MainProcess] Scheduler: Sending due task task1 (test_task)
[2019-07-14 06:01:08,737: INFO/MainProcess] Scheduler: Sending due task task1 (test_task)
[2019-07-14 06:01:09,737: INFO/MainProcess] Scheduler: Sending due task task1 (test_task)
[2019-07-14 06:01:10,737: INFO/MainProcess] Scheduler: Sending due task task1 (test_task)
[2019-07-14 06:01:11,738: INFO/MainProcess] Scheduler: Sending due task task1 (test_task)
[2019-07-14 06:01:12,738: INFO/MainProcess] Scheduler: Sending due task task1 (test_task)
[2019-07-14 06:01:13,740: INFO/MainProcess] Scheduler: Sending due task task1 (test_task)
[2019-07-14 06:01:14,745: INFO/MainProcess] Scheduler: Sending due task task1 (test_task)
[2019-07-14 06:01:15,747: INFO/MainProcess] Scheduler: Sending due task task1 (test_task)
[2019-07-14 06:01:16,749: INFO/MainProcess] Scheduler: Sending due task task1 (test_task)
[2019-07-14 06:01:17,750: INFO/MainProcess] Scheduler: Sending due task task1 (test_task)
[2019-07-14 06:01:18,750: INFO/MainProcess] Scheduler: Sending due task task1 (test_task)
[2019-07-14 06:01:19,751: INFO/MainProcess] Scheduler: Sending due task task1 (test_task)
[2019-07-14 06:01:20,751: INFO/MainProcess] Scheduler: Sending due task task1 (test_task)
[2019-07-14 06:01:21,751: INFO/MainProcess] Scheduler: Sending due task task1 (test_task)
[2019-07-14 06:01:22,751: INFO/MainProcess] Scheduler: Sending due task task1 (test_task)
[2019-07-14 06:01:23,751: INFO/MainProcess] Scheduler: Sending due task task1 (test_task)
[2019-07-14 06:01:24,752: INFO/MainProcess] Scheduler: Sending due task task1 (test_task)
[2019-07-14 06:01:25,752: INFO/MainProcess] Scheduler: Sending due task task1 (test_task)
[2019-07-14 06:01:26,752: INFO/MainProcess] Scheduler: Sending due task task1 (test_task)
[2019-07-14 06:01:27,752: INFO/MainProcess] Scheduler: Sending due task task1 (test_task)
[2019-07-14 06:01:28,752: INFO/MainProcess] Scheduler: Sending due task task1 (test_task)
[2019-07-14 06:01:29,753: INFO/MainProcess] Scheduler: Sending due task task1 (test_task)
[2019-07-14 06:01:30,753: INFO/MainProcess] Scheduler: Sending due task task1 (test_task)
[2019-07-14 06:01:31,753: INFO/MainProcess] Scheduler: Sending due task task1 (test_task)
[2019-07-14 06:01:32,753: INFO/MainProcess] Scheduler: Sending due task task1 (test_task)
[2019-07-14 06:01:33,754: INFO/MainProcess] Scheduler: Sending due task task1 (test_task)
[2019-07-14 06:01:34,754: INFO/MainProcess] Scheduler: Sending due task task1 (test_task)
[2019-07-14 06:01:35,754: INFO/MainProcess] Scheduler: Sending due task task1 (test_task)
[2019-07-14 06:01:36,754: INFO/MainProcess] Scheduler: Sending due task task1 (test_task)
[2019-07-14 06:01:37,754: INFO/MainProcess] Scheduler: Sending due task task1 (test_task)
[2019-07-14 06:01:38,755: INFO/MainProcess] Scheduler: Sending due task task1 (test_task)
[2019-07-14 06:01:39,755: INFO/MainProcess] Scheduler: Sending due task task1 (test_task)
[2019-07-14 06:01:40,755: INFO/MainProcess] Scheduler: Sending due task task1 (test_task)
[2019-07-14 06:01:41,755: INFO/MainProcess] Scheduler: Sending due task task1 (test_task)
[2019-07-14 06:01:42,756: INFO/MainProcess] Scheduler: Sending due task task1 (test_task)
[2019-07-14 06:01:43,756: INFO/MainProcess] Scheduler: Sending due task task1 (test_task)
[2019-07-14 06:01:44,756: INFO/MainProcess] Scheduler: Sending due task task1 (test_task)
[2019-07-14 06:01:45,756: INFO/MainProcess] Scheduler: Sending due task task1 (test_task)
[2019-07-14 06:01:46,757: INFO/MainProcess] Scheduler: Sending due task task1 (test_task)
[2019-07-14 06:01:47,768: INFO/MainProcess] Scheduler: Sending due task task1 (test_task)
[2019-07-14 06:01:48,768: INFO/MainProcess] Scheduler: Sending due task task1 (test_task)
[2019-07-14 06:01:49,769: INFO/MainProcess] Scheduler: Sending due task task1 (test_task)
[2019-07-14 06:01:50,769: INFO/MainProcess] Scheduler: Sending due task task1 (test_task)
[2019-07-14 06:01:51,769: INFO/MainProcess] Scheduler: Sending due task task1 (test_task)
[2019-07-14 06:01:52,770: INFO/MainProcess] Scheduler: Sending due task task1 (test_task)
[2019-07-14 06:01:53,770: INFO/MainProcess] Scheduler: Sending due task task1 (test_task)
[2019-07-14 06:01:54,771: INFO/MainProcess] Scheduler: Sending due task task1 (test_task)
[2019-07-14 06:01:55,771: INFO/MainProcess] Scheduler: Sending due task task1 (test_task)
[2019-07-14 06:01:56,771: INFO/MainProcess] Scheduler: Sending due task task1 (test_task)
[2019-07-14 06:01:57,771: INFO/MainProcess] Scheduler: Sending due task task1 (test_task)
[2019-07-14 06:01:58,772: INFO/MainProcess] Scheduler: Sending due task task1 (test_task)
[2019-07-14 06:01:59,773: INFO/MainProcess] Scheduler: Sending due task task1 (test_task)
[2019-07-14 06:02:00,773: INFO/MainProcess] Scheduler: Sending due task task1 (test_task)
[2019-07-14 06:02:01,773: INFO/MainProcess] Scheduler: Sending due task task1 (test_task)
[2019-07-14 06:02:02,773: INFO/MainProcess] Scheduler: Sending due task task1 (test_task)
[2019-07-14 06:02:03,774: INFO/MainProcess] Scheduler: Sending due task task1 (test_task)
[2019-07-14 06:02:04,774: INFO/MainProcess] Scheduler: Sending due task task1 (test_task)
[2019-07-14 06:02:05,774: INFO/MainProcess] Scheduler: Sending due task task1 (test_task)
[2019-07-14 06:02:06,774: INFO/MainProcess] Scheduler: Sending due task task1 (test_task)
[2019-07-14 06:02:07,775: INFO/MainProcess] Scheduler: Sending due task task1 (test_task)
[2019-07-14 06:02:08,775: INFO/MainProcess] Scheduler: Sending due task task1 (test_task)
[2019-07-14 06:02:09,775: INFO/MainProcess] Scheduler: Sending due task task1 (test_task)
[2019-07-14 06:02:10,775: INFO/MainProcess] Scheduler: Sending due task task1 (test_task)
[2019-07-14 06:02:11,776: INFO/MainProcess] Scheduler: Sending due task task1 (test_task)
[2019-07-14 06:02:12,776: INFO/MainProcess] Scheduler: Sending due task task1 (test_task)
[2019-07-14 06:02:13,776: INFO/MainProcess] Scheduler: Sending due task task1 (test_task)
[2019-07-14 06:02:14,776: INFO/MainProcess] Scheduler: Sending due task task1 (test_task)
[2019-07-14 06:02:15,777: INFO/MainProcess] Scheduler: Sending due task task1 (test_task)
[2019-07-14 06:02:16,777: INFO/MainProcess] Scheduler: Sending due task task1 (test_task)
[2019-07-14 06:02:17,777: INFO/MainProcess] Scheduler: Sending due task task1 (test_task)
[2019-07-14 06:02:18,777: INFO/MainProcess] Scheduler: Sending due task task1 (test_task)
[2019-07-14 06:02:19,777: INFO/MainProcess] Scheduler: Sending due task task1 (test_task)
[2019-07-14 06:02:20,777: INFO/MainProcess] Scheduler: Sending due task task1 (test_task)
[2019-07-14 06:02:21,778: INFO/MainProcess] Scheduler: Sending due task task1 (test_task)
[2019-07-14 06:02:22,778: INFO/MainProcess] Scheduler: Sending due task task1 (test_task)
[2019-07-14 06:02:23,778: INFO/MainProcess] Scheduler: Sending due task task1 (test_task)
[2019-07-14 06:02:24,778: INFO/MainProcess] Scheduler: Sending due task task1 (test_task)
[2019-07-14 06:02:25,778: INFO/MainProcess] Scheduler: Sending due task task1 (test_task)
[2019-07-14 06:02:26,779: INFO/MainProcess] Scheduler: Sending due task task1 (test_task)
[2019-07-14 06:02:27,779: INFO/MainProcess] Scheduler: Sending due task task1 (test_task)
[2019-07-14 06:02:28,779: INFO/MainProcess] Scheduler: Sending due task task1 (test_task)
[2019-07-14 06:02:29,780: INFO/MainProcess] Scheduler: Sending due task task1 (test_task)
[2019-07-14 06:02:30,780: INFO/MainProcess] Scheduler: Sending due task task1 (test_task)
[2019-07-14 06:02:31,780: INFO/MainProcess] Scheduler: Sending due task task1 (test_task)
[2019-07-14 06:02:32,780: INFO/MainProcess] Scheduler: Sending due task task1 (test_task)
[2019-07-14 06:02:33,781: INFO/MainProcess] Scheduler: Sending due task task1 (test_task)
[2019-07-14 06:02:34,781: INFO/MainProcess] Scheduler: Sending due task task1 (test_task)
[2019-07-14 06:02:35,781: INFO/MainProcess] Scheduler: Sending due task task1 (test_task)
[2019-07-14 06:02:36,781: INFO/MainProcess] Scheduler: Sending due task task1 (test_task)
[2019-07-14 06:02:37,782: INFO/MainProcess] Scheduler: Sending due task task1 (test_task)
[2019-07-14 06:02:38,782: INFO/MainProcess] Scheduler: Sending due task task1 (test_task)
[2019-07-14 06:02:39,782: INFO/MainProcess] Scheduler: Sending due task task1 (test_task)
[2019-07-14 06:02:40,783: INFO/MainProcess] Scheduler: Sending due task task1 (test_task)
[2019-07-14 06:02:41,783: INFO/MainProcess] Scheduler: Sending due task task1 (test_task)
[2019-07-14 06:02:42,783: INFO/MainProcess] Scheduler: Sending due task task1 (test_task)
[2019-07-14 06:02:43,783: INFO/MainProcess] Scheduler: Sending due task task1 (test_task)
[2019-07-14 06:02:44,783: INFO/MainProcess] Scheduler: Sending due task task1 (test_task)
[2019-07-14 06:02:45,784: INFO/MainProcess] Scheduler: Sending due task task1 (test_task)
[2019-07-14 06:02:46,784: INFO/MainProcess] Scheduler: Sending due task task1 (test_task)
[2019-07-14 06:02:47,784: INFO/MainProcess] Scheduler: Sending due task task1 (test_task)
[2019-07-14 06:02:48,784: INFO/MainProcess] Scheduler: Sending due task task1 (test_task)
[2019-07-14 06:02:49,784: INFO/MainProcess] Scheduler: Sending due task task1 (test_task)
[2019-07-14 06:02:50,785: INFO/MainProcess] Scheduler: Sending due task task1 (test_task)
[2019-07-14 06:02:51,785: INFO/MainProcess] Scheduler: Sending due task task1 (test_task)
[2019-07-14 06:02:52,785: INFO/MainProcess] Scheduler: Sending due task task1 (test_task)
[2019-07-14 06:02:53,785: INFO/MainProcess] Scheduler: Sending due task task1 (test_task)
[2019-07-14 06:02:54,786: INFO/MainProcess] Scheduler: Sending due task task1 (test_task)
[2019-07-14 06:02:55,786: INFO/MainProcess] Scheduler: Sending due task task1 (test_task)
[2019-07-14 06:02:56,786: INFO/MainProcess] Scheduler: Sending due task task1 (test_task)
[2019-07-14 06:02:57,786: INFO/MainProcess] Scheduler: Sending due task task1 (test_task)
[2019-07-14 06:02:58,786: INFO/MainProcess] Scheduler: Sending due task task1 (test_task)
[2019-07-14 06:02:59,787: INFO/MainProcess] Scheduler: Sending due task task1 (test_task)
[2019-07-14 06:03:00,787: INFO/MainProcess] Scheduler: Sending due task task1 (test_task)
[2019-07-14 06:03:01,787: INFO/MainProcess] Scheduler: Sending due task task1 (test_task)
[2019-07-14 06:03:02,787: INFO/MainProcess] Scheduler: Sending due task task1 (test_task)
[2019-07-14 06:03:03,787: INFO/MainProcess] Scheduler: Sending due task task1 (test_task)
[2019-07-14 06:03:04,788: INFO/MainProcess] Scheduler: Sending due task task1 (test_task)
[2019-07-14 06:03:05,788: INFO/MainProcess] Scheduler: Sending due task task1 (test_task)
[2019-07-14 06:03:06,788: INFO/MainProcess] Scheduler: Sending due task task1 (test_task)
[2019-07-14 06:03:07,788: INFO/MainProcess] Scheduler: Sending due task task1 (test_task)
[2019-07-14 06:03:08,788: INFO/MainProcess] Scheduler: Sending due task task1 (test_task)
[2019-07-14 06:03:09,789: INFO/MainProcess] Scheduler: Sending due task task1 (test_task)
[2019-07-14 06:03:10,790: INFO/MainProcess] Scheduler: Sending due task task1 (test_task)
[2019-07-14 06:03:11,790: INFO/MainProcess] Scheduler: Sending due task task1 (test_task)
[2019-07-14 06:03:12,790: INFO/MainProcess] Scheduler: Sending due task task1 (test_task)
[2019-07-14 06:03:13,791: INFO/MainProcess] Scheduler: Sending due task task1 (test_task)
[2019-07-14 06:03:14,791: INFO/MainProcess] Scheduler: Sending due task task1 (test_task)
[2019-07-14 06:03:15,791: INFO/MainProcess] Scheduler: Sending due task task1 (test_task)
[2019-07-14 06:03:16,791: INFO/MainProcess] Scheduler: Sending due task task1 (test_task)
[2019-07-14 06:03:17,792: INFO/MainProcess] Scheduler: Sending due task task1 (test_task)
[2019-07-14 06:03:18,792: INFO/MainProcess] Scheduler: Sending due task task1 (test_task)
[2019-07-14 06:03:19,792: INFO/MainProcess] Scheduler: Sending due task task1 (test_task)
[2019-07-14 06:03:20,792: INFO/MainProcess] Scheduler: Sending due task task1 (test_task)
[2019-07-14 06:03:21,793: INFO/MainProcess] Scheduler: Sending due task task1 (test_task)
[2019-07-14 06:03:22,793: INFO/MainProcess] Scheduler: Sending due task task1 (test_task)
[2019-07-14 06:03:23,793: INFO/MainProcess] Scheduler: Sending due task task1 (test_task)
[2019-07-14 06:03:24,793: INFO/MainProcess] Scheduler: Sending due task task1 (test_task)
[2019-07-14 06:03:25,793: INFO/MainProcess] Scheduler: Sending due task task1 (test_task)
[2019-07-14 06:03:26,794: INFO/MainProcess] Scheduler: Sending due task task1 (test_task)
[2019-07-14 06:03:27,794: INFO/MainProcess] Scheduler: Sending due task task1 (test_task)
[2019-07-14 06:03:28,794: INFO/MainProcess] Scheduler: Sending due task task1 (test_task)
[2019-07-14 06:03:29,794: INFO/MainProcess] Scheduler: Sending due task task1 (test_task)
[2019-07-14 06:03:30,795: INFO/MainProcess] Scheduler: Sending due task task1 (test_task)
[2019-07-14 06:03:31,795: INFO/MainProcess] Scheduler: Sending due task task1 (test_task)
[2019-07-14 06:03:32,795: INFO/MainProcess] Scheduler: Sending due task task1 (test_task)
[2019-07-14 06:03:33,795: INFO/MainProcess] Scheduler: Sending due task task1 (test_task)
[2019-07-14 06:03:34,795: INFO/MainProcess] Scheduler: Sending due task task1 (test_task)
[2019-07-14 06:03:35,796: INFO/MainProcess] Scheduler: Sending due task task1 (test_task)
[2019-07-14 06:03:36,796: INFO/MainProcess] Scheduler: Sending due task task1 (test_task)
[2019-07-14 06:03:37,796: INFO/MainProcess] Scheduler: Sending due task task1 (test_task)
[2019-07-14 06:03:38,797: INFO/MainProcess] Scheduler: Sending due task task1 (test_task)
[2019-07-14 06:03:39,797: INFO/MainProcess] Scheduler: Sending due task task1 (test_task)
[2019-07-14 06:03:40,797: INFO/MainProcess] Scheduler: Sending due task task1 (test_task)
[2019-07-14 06:03:41,798: INFO/MainProcess] Scheduler: Sending due task task1 (test_task)
[2019-07-14 06:03:42,798: INFO/MainProcess] Scheduler: Sending due task task1 (test_task)
[2019-07-14 06:03:43,798: INFO/MainProcess] Scheduler: Sending due task task1 (test_task)
[2019-07-14 06:03:44,798: INFO/MainProcess] Scheduler: Sending due task task1 (test_task)
[2019-07-14 06:03:45,799: INFO/MainProcess] Scheduler: Sending due task task1 (test_task)
[2019-07-14 06:03:46,799: INFO/MainProcess] Scheduler: Sending due task task1 (test_task)
[2019-07-14 06:03:47,799: INFO/MainProcess] Scheduler: Sending due task task1 (test_task)
[2019-07-14 06:03:48,800: INFO/MainProcess] Scheduler: Sending due task task1 (test_task)
[2019-07-14 06:03:49,800: INFO/MainProcess] Scheduler: Sending due task task1 (test_task)
[2019-07-14 06:03:50,800: INFO/MainProcess] Scheduler: Sending due task task1 (test_task)
[2019-07-14 06:03:51,800: INFO/MainProcess] Scheduler: Sending due task task1 (test_task)
[2019-07-14 06:03:52,801: INFO/MainProcess] Scheduler: Sending due task task1 (test_task)
[2019-07-14 06:03:53,801: INFO/MainProcess] Scheduler: Sending due task task1 (test_task)
[2019-07-14 06:03:54,801: INFO/MainProcess] Scheduler: Sending due task task1 (test_task)
[2019-07-14 06:03:55,802: INFO/MainProcess] Scheduler: Sending due task task1 (test_task)
[2019-07-14 06:03:56,802: INFO/MainProcess] Scheduler: Sending due task task1 (test_task)
[2019-07-14 06:03:57,802: INFO/MainProcess] Scheduler: Sending due task task1 (test_task)
[2019-07-14 06:03:58,803: INFO/MainProcess] Scheduler: Sending due task task1 (test_task)
[2019-07-14 06:03:59,803: INFO/MainProcess] Scheduler: Sending due task task1 (test_task)
[2019-07-14 06:04:00,803: INFO/MainProcess] Scheduler: Sending due task task1 (test_task)
[2019-07-14 06:04:01,803: INFO/MainProcess] Scheduler: Sending due task task1 (test_task)
[2019-07-14 06:04:02,803: INFO/MainProcess] Scheduler: Sending due task task1 (test_task)
[2019-07-14 06:04:03,804: INFO/MainProcess] Scheduler: Sending due task task1 (test_task)
[2019-07-14 06:04:04,804: INFO/MainProcess] Scheduler: Sending due task task1 (test_task)
[2019-07-14 06:04:05,804: INFO/MainProcess] Scheduler: Sending due task task1 (test_task)
[2019-07-14 06:04:06,804: INFO/MainProcess] Scheduler: Sending due task task1 (test_task)
[2019-07-14 06:04:07,804: INFO/MainProcess] Scheduler: Sending due task task1 (test_task)
[2019-07-14 06:04:08,805: INFO/MainProcess] Scheduler: Sending due task task1 (test_task)
[2019-07-14 06:04:09,805: INFO/MainProcess] Scheduler: Sending due task task1 (test_task)
[2019-07-14 06:04:10,805: INFO/MainProcess] Scheduler: Sending due task task1 (test_task)
[2019-07-14 06:04:11,805: INFO/MainProcess] Scheduler: Sending due task task1 (test_task)
[2019-07-14 06:04:12,806: INFO/MainProcess] Scheduler: Sending due task task1 (test_task)
[2019-07-14 06:04:13,806: INFO/MainProcess] Scheduler: Sending due task task1 (test_task)
[2019-07-14 06:04:14,806: INFO/MainProcess] Scheduler: Sending due task task1 (test_task)
[2019-07-14 06:04:15,806: INFO/MainProcess] Scheduler: Sending due task task1 (test_task)
celery beat v3.1.23 (Cipater) is starting.
__    -    ... __   -        _
Configuration ->
    . broker -> redis://localhost:6379/1
    . loader -> djcelery.loaders.DjangoLoader
    . scheduler -> celery.beat.PersistentScheduler
    . db -> celerybeat-schedule
    . logfile -> [stderr]@%INFO
    . maxinterval -> now (0s)
